[32m2024-08-19 23:49:41 +0000[0m - dagster - [34mDEBUG[0m - __ASSET_JOB - b2f253da-0af1-4177-bbf9-46e7b4f1908e - 279972 - LOGS_CAPTURED - Started capturing logs in process (pid: 279972).
[32m2024-08-19 23:49:41 +0000[0m - dagster - [34mDEBUG[0m - __ASSET_JOB - b2f253da-0af1-4177-bbf9-46e7b4f1908e - 279972 - db_crypto_transfer_transactions - STEP_START - Started execution of step "db_crypto_transfer_transactions".
[32m2024-08-19 23:49:41 +0000[0m - dagster - [34mERROR[0m - [31m__ASSET_JOB - b2f253da-0af1-4177-bbf9-46e7b4f1908e - 279972 - db_crypto_transfer_transactions - STEP_FAILURE - Execution of step "db_crypto_transfer_transactions" failed.

dagster._core.errors.DagsterExecutionStepExecutionError: Error occurred while executing op "db_crypto_transfer_transactions"::

AttributeError: '_io.TextIOWrapper' object has no attribute 'readall'. Did you mean: 'readable'?

Stack Trace:
  File "/workspace/.pyenv_mirror/poetry/virtualenvs/pipeline-z_B504z3-py3.12/lib/python3.12/site-packages/dagster/_core/execution/plan/utils.py", line 54, in op_execution_error_boundary
    yield
  File "/workspace/.pyenv_mirror/poetry/virtualenvs/pipeline-z_B504z3-py3.12/lib/python3.12/site-packages/dagster/_utils/__init__.py", line 474, in iterate_with_context
    next_output = next(iterator)
                  ^^^^^^^^^^^^^^
  File "/workspace/.pyenv_mirror/poetry/virtualenvs/pipeline-z_B504z3-py3.12/lib/python3.12/site-packages/dagster/_core/execution/plan/compute_generator.py", line 141, in _coerce_op_compute_fn_to_iterator
    result = invoke_compute_fn(
             ^^^^^^^^^^^^^^^^^^
  File "/workspace/.pyenv_mirror/poetry/virtualenvs/pipeline-z_B504z3-py3.12/lib/python3.12/site-packages/dagster/_core/execution/plan/compute_generator.py", line 129, in invoke_compute_fn
    return fn(context, **args_to_pass) if context_arg_provided else fn(**args_to_pass)
                                                                    ^^^^^^^^^^^^^^^^^^
  File "/workspace/pranatics/sources/pipeline/hedera_pipeline/hedera_pipeline/assets.py", line 62, in db_crypto_transfer_transactions
    transactions = json.loads(f.readall())
                              ^^^^^^^^^
[0m
