[32m2024-08-19 23:42:05 +0000[0m - dagster - [34mDEBUG[0m - __ASSET_JOB - 53d2df49-3405-4781-aa95-4786e7494dfa - 259164 - LOGS_CAPTURED - Started capturing logs in process (pid: 259164).
[32m2024-08-19 23:42:05 +0000[0m - dagster - [34mDEBUG[0m - __ASSET_JOB - 53d2df49-3405-4781-aa95-4786e7494dfa - 259164 - db_crypto_transfer_transactions - STEP_START - Started execution of step "db_crypto_transfer_transactions".
[32m2024-08-19 23:42:05 +0000[0m - dagster - [34mERROR[0m - [31m__ASSET_JOB - 53d2df49-3405-4781-aa95-4786e7494dfa - 259164 - db_crypto_transfer_transactions - STEP_FAILURE - Execution of step "db_crypto_transfer_transactions" failed.

dagster._core.errors.DagsterExecutionStepExecutionError: Error occurred while executing op "db_crypto_transfer_transactions"::

duckdb.duckdb.ConstraintException: Constraint Error: Duplicate key "ds: 2024-08-19 22:42:02.320779" violates unique constraint. If this is an unexpected constraint violation please double check with the known index limitations section in our documentation (https://duckdb.org/docs/sql/indexes).

Stack Trace:
  File "/workspace/.pyenv_mirror/poetry/virtualenvs/pipeline-z_B504z3-py3.12/lib/python3.12/site-packages/dagster/_core/execution/plan/utils.py", line 54, in op_execution_error_boundary
    yield
  File "/workspace/.pyenv_mirror/poetry/virtualenvs/pipeline-z_B504z3-py3.12/lib/python3.12/site-packages/dagster/_utils/__init__.py", line 474, in iterate_with_context
    next_output = next(iterator)
                  ^^^^^^^^^^^^^^
  File "/workspace/.pyenv_mirror/poetry/virtualenvs/pipeline-z_B504z3-py3.12/lib/python3.12/site-packages/dagster/_core/execution/plan/compute_generator.py", line 141, in _coerce_op_compute_fn_to_iterator
    result = invoke_compute_fn(
             ^^^^^^^^^^^^^^^^^^
  File "/workspace/.pyenv_mirror/poetry/virtualenvs/pipeline-z_B504z3-py3.12/lib/python3.12/site-packages/dagster/_core/execution/plan/compute_generator.py", line 129, in invoke_compute_fn
    return fn(context, **args_to_pass) if context_arg_provided else fn(**args_to_pass)
                                                                    ^^^^^^^^^^^^^^^^^^
  File "/workspace/pranatics/sources/pipeline/hedera_pipeline/hedera_pipeline/assets.py", line 67, in db_crypto_transfer_transactions
    conn.execute(ingest_data_query)
[0m
