[32m2024-08-20 01:21:29 +0000[0m - dagster - [34mDEBUG[0m - __ASSET_JOB - 2fc6f3c7-44f8-4ef1-adf7-54149eaa50eb - 525384 - LOGS_CAPTURED - Started capturing logs in process (pid: 525384).
[32m2024-08-20 01:21:29 +0000[0m - dagster - [34mDEBUG[0m - __ASSET_JOB - 2fc6f3c7-44f8-4ef1-adf7-54149eaa50eb - 525384 - predict_data - STEP_START - Started execution of step "predict_data".
01:21:29 - cmdstanpy - INFO - Chain [1] start processing
01:21:29 - cmdstanpy - INFO - Chain [1] done processing
[32m2024-08-20 01:21:30 +0000[0m - dagster - [34mERROR[0m - [31m__ASSET_JOB - 2fc6f3c7-44f8-4ef1-adf7-54149eaa50eb - 525384 - predict_data - STEP_FAILURE - Execution of step "predict_data" failed.

dagster._core.errors.DagsterExecutionStepExecutionError: Error occurred while executing op "predict_data"::

TypeError: 'dict_values' object is not subscriptable

Stack Trace:
  File "/workspace/.pyenv_mirror/poetry/virtualenvs/pipeline-z_B504z3-py3.12/lib/python3.12/site-packages/dagster/_core/execution/plan/utils.py", line 54, in op_execution_error_boundary
    yield
  File "/workspace/.pyenv_mirror/poetry/virtualenvs/pipeline-z_B504z3-py3.12/lib/python3.12/site-packages/dagster/_utils/__init__.py", line 474, in iterate_with_context
    next_output = next(iterator)
                  ^^^^^^^^^^^^^^
  File "/workspace/.pyenv_mirror/poetry/virtualenvs/pipeline-z_B504z3-py3.12/lib/python3.12/site-packages/dagster/_core/execution/plan/compute_generator.py", line 141, in _coerce_op_compute_fn_to_iterator
    result = invoke_compute_fn(
             ^^^^^^^^^^^^^^^^^^
  File "/workspace/.pyenv_mirror/poetry/virtualenvs/pipeline-z_B504z3-py3.12/lib/python3.12/site-packages/dagster/_core/execution/plan/compute_generator.py", line 129, in invoke_compute_fn
    return fn(context, **args_to_pass) if context_arg_provided else fn(**args_to_pass)
                                                                    ^^^^^^^^^^^^^^^^^^
  File "/workspace/pranatics/sources/pipeline/hedera_pipeline/hedera_pipeline/assets.py", line 118, in predict_data
    for value in ds.values()[-60:]:
                 ~~~~~~~~~~~^^^^^^
[0m
