[32m2024-08-19 23:30:55 +0000[0m - dagster - [34mDEBUG[0m - __ASSET_JOB - 0258721e-14ca-4028-b74d-c24f49a0f43b - 226568 - LOGS_CAPTURED - Started capturing logs in process (pid: 226568).
[32m2024-08-19 23:30:55 +0000[0m - dagster - [34mDEBUG[0m - __ASSET_JOB - 0258721e-14ca-4028-b74d-c24f49a0f43b - 226568 - crypto_transfer_transactions - STEP_START - Started execution of step "crypto_transfer_transactions".
[32m2024-08-19 23:30:55 +0000[0m - dagster - [34mERROR[0m - [31m__ASSET_JOB - 0258721e-14ca-4028-b74d-c24f49a0f43b - 226568 - crypto_transfer_transactions - STEP_FAILURE - Execution of step "crypto_transfer_transactions" failed.

dagster._core.errors.DagsterExecutionStepExecutionError: Error occurred while executing op "crypto_transfer_transactions"::

NameError: name 'timedelta' is not defined

Stack Trace:
  File "/workspace/.pyenv_mirror/poetry/virtualenvs/pipeline-z_B504z3-py3.12/lib/python3.12/site-packages/dagster/_core/execution/plan/utils.py", line 54, in op_execution_error_boundary
    yield
  File "/workspace/.pyenv_mirror/poetry/virtualenvs/pipeline-z_B504z3-py3.12/lib/python3.12/site-packages/dagster/_utils/__init__.py", line 474, in iterate_with_context
    next_output = next(iterator)
                  ^^^^^^^^^^^^^^
  File "/workspace/.pyenv_mirror/poetry/virtualenvs/pipeline-z_B504z3-py3.12/lib/python3.12/site-packages/dagster/_core/execution/plan/compute_generator.py", line 141, in _coerce_op_compute_fn_to_iterator
    result = invoke_compute_fn(
             ^^^^^^^^^^^^^^^^^^
  File "/workspace/.pyenv_mirror/poetry/virtualenvs/pipeline-z_B504z3-py3.12/lib/python3.12/site-packages/dagster/_core/execution/plan/compute_generator.py", line 129, in invoke_compute_fn
    return fn(context, **args_to_pass) if context_arg_provided else fn(**args_to_pass)
                                                                    ^^^^^^^^^^^^^^^^^^
  File "/workspace/pranatics/sources/pipeline/hedera_pipeline/hedera_pipeline/assets.py", line 23, in crypto_transfer_transactions
    start_time = (end_time - timedelta(seconds=3600.0)).timestamp()
                             ^^^^^^^^^
[0m
